<?xml version="1.0" encoding="UTF-8"?>
<!-- Generated by org.testng.reporters.JUnitXMLReporter -->
<testsuite hostname="KYUNGDUCK-PC" name="galaxy_s3" tests="1" failures="0" timestamp="24 Jul 2014 06:04:32 GMT" time="0.616" errors="0">
  <testcase name="@BeforeClass setupClass" time="0.0" classname="com.naver.main.test.Case01_SimpleTest">
    <failure type="java.lang.NullPointerException">
      <![CDATA[java.lang.NullPointerException
	at com.naver.main.testcase.tearDownClass(testcase.java:66)
	at com.naver.main.testcase.setupClass(testcase.java:43)
	at java.util.concurrent.FutureTask.run(FutureTask.java:262)
	at java.util.concurrent.ThreadPoolExecutor.runWorker(ThreadPoolExecutor.java:1145)
	at java.util.concurrent.ThreadPoolExecutor$Worker.run(ThreadPoolExecutor.java:615)
	at java.lang.Thread.run(Thread.java:744)
... Removed 16 stack frames]]>
    </failure>
  </testcase> <!-- @BeforeClass setupClass -->
  <testcase name="@AfterClass tearDownClass" time="0.0" classname="com.naver.main.test.Case01_SimpleTest">
    <skipped/>
  </testcase> <!-- @AfterClass tearDownClass -->
  <testcase name="simpletest01" time="0.004" classname="com.naver.main.test.Case01_SimpleTest">
    <skipped/>
  </testcase> <!-- simpletest01 -->
</testsuite> <!-- galaxy_s3 -->
